--> Wrapper Started as Console
Launching a JVM...
Wrapper (Version 3.2.3) http://wrapper.tanukisoftware.org
  Copyright 1999-2006 Tanuki Software, Inc.  All Rights Reserved.

2018.01.10 18:37:26 INFO  app[][o.s.a.AppFileSystem] Cleaning or creating temp directory C:\Users\Marco\Desktop\sonarqube-6.6\temp
2018.01.10 18:37:26 INFO  app[][o.s.a.es.EsSettings] Elasticsearch listening on /127.0.0.1:9001
2018.01.10 18:37:26 INFO  app[][o.s.a.p.ProcessLauncherImpl] Launch process[[key='es', ipcIndex=1, logFilenamePrefix=es]] from [C:\Users\Marco\Desktop\sonarqube-6.6\elasticsearch]: C:\Program Files\Java\jre-9.0.1\bin\java -XX:+UseConcMarkSweepGC -XX:CMSInitiatingOccupancyFraction=75 -XX:+UseCMSInitiatingOccupancyOnly -XX:+AlwaysPreTouch -server -Xss1m -Djava.awt.headless=true -Dfile.encoding=UTF-8 -Djna.nosys=true -Djdk.io.permissionsUseCanonicalPath=true -Dio.netty.noUnsafe=true -Dio.netty.noKeySetOptimization=true -Dio.netty.recycler.maxCapacityPerThread=0 -Dlog4j.shutdownHookEnabled=false -Dlog4j2.disable.jmx=true -Dlog4j.skipJansi=true -Xms512m -Xmx512m -XX:+HeapDumpOnOutOfMemoryError -Delasticsearch -Des.path.home=C:\Users\Marco\Desktop\sonarqube-6.6\elasticsearch -cp lib/* org.elasticsearch.bootstrap.Elasticsearch -Epath.conf=C:\Users\Marco\Desktop\sonarqube-6.6\temp\conf\es
2018.01.10 18:37:26 INFO  app[][o.s.a.SchedulerImpl] Waiting for Elasticsearch to be up and running
2018.01.10 18:37:27 INFO  app[][o.e.p.PluginsService] no modules loaded
2018.01.10 18:37:27 INFO  app[][o.e.p.PluginsService] loaded plugin [org.elasticsearch.transport.Netty4Plugin]
Java HotSpot(TM) 64-Bit Server VM warning: Option UseConcMarkSweepGC was deprecated in version 9.0 and will likely be removed in a future release.
WARNING: An illegal reflective access operation has occurred
WARNING: Illegal reflective access by io.netty.util.internal.ReflectionUtil (file:/C:/Users/Marco/Desktop/sonarqube-6.6/lib/common/netty-common-4.1.13.Final.jar) to constructor java.nio.DirectByteBuffer(long,int)
WARNING: Please consider reporting this to the maintainers of io.netty.util.internal.ReflectionUtil
WARNING: Use --illegal-access=warn to enable warnings of further illegal reflective access operations
WARNING: All illegal access operations will be denied in a future release
2018.01.10 18:37:34 INFO  app[][o.s.a.SchedulerImpl] Process[es] is up
2018.01.10 18:37:34 INFO  app[][o.s.a.p.ProcessLauncherImpl] Launch process[[key='web', ipcIndex=2, logFilenamePrefix=web]] from [C:\Users\Marco\Desktop\sonarqube-6.6]: C:\Program Files\Java\jre-9.0.1\bin\java -Djava.awt.headless=true -Dfile.encoding=UTF-8 -Djava.io.tmpdir=C:\Users\Marco\Desktop\sonarqube-6.6\temp -Xmx512m -Xms128m -XX:+HeapDumpOnOutOfMemoryError -cp ./lib/common/*;./lib/server/*;C:\Users\Marco\Desktop\sonarqube-6.6\lib\jdbc\h2\h2-1.3.176.jar org.sonar.server.app.WebServer C:\Users\Marco\Desktop\sonarqube-6.6\temp\sq-process4817156214614229922properties
WARNING: An illegal reflective access operation has occurred
WARNING: Illegal reflective access by io.netty.util.internal.ReflectionUtil (file:/C:/Users/Marco/Desktop/sonarqube-6.6/lib/common/netty-common-4.1.13.Final.jar) to constructor java.nio.DirectByteBuffer(long,int)
WARNING: Please consider reporting this to the maintainers of io.netty.util.internal.ReflectionUtil
WARNING: Use --illegal-access=warn to enable warnings of further illegal reflective access operations
WARNING: All illegal access operations will be denied in a future release
2018.01.10 18:38:00 INFO  app[][o.s.a.SchedulerImpl] Process[web] is up
2018.01.10 18:38:00 INFO  app[][o.s.a.p.ProcessLauncherImpl] Launch process[[key='ce', ipcIndex=3, logFilenamePrefix=ce]] from [C:\Users\Marco\Desktop\sonarqube-6.6]: C:\Program Files\Java\jre-9.0.1\bin\java -Djava.awt.headless=true -Dfile.encoding=UTF-8 -Djava.io.tmpdir=C:\Users\Marco\Desktop\sonarqube-6.6\temp -Xmx512m -Xms128m -XX:+HeapDumpOnOutOfMemoryError -cp ./lib/common/*;./lib/server/*;./lib/ce/*;C:\Users\Marco\Desktop\sonarqube-6.6\lib\jdbc\h2\h2-1.3.176.jar org.sonar.ce.app.CeServer C:\Users\Marco\Desktop\sonarqube-6.6\temp\sq-process499460118509959866properties
WARNING: An illegal reflective access operation has occurred
WARNING: Illegal reflective access by io.netty.util.internal.ReflectionUtil (file:/C:/Users/Marco/Desktop/sonarqube-6.6/lib/common/netty-common-4.1.13.Final.jar) to constructor java.nio.DirectByteBuffer(long,int)
WARNING: Please consider reporting this to the maintainers of io.netty.util.internal.ReflectionUtil
WARNING: Use --illegal-access=warn to enable warnings of further illegal reflective access operations
WARNING: All illegal access operations will be denied in a future release
2018.01.10 18:38:08 INFO  app[][o.s.a.SchedulerImpl] Process[ce] is up
2018.01.10 18:38:08 INFO  app[][o.s.a.SchedulerImpl] SonarQube is up
OpenSCManager failed - Accesso negato. (0x5)
--> Wrapper Started as Console
Launching a JVM...
Wrapper (Version 3.2.3) http://wrapper.tanukisoftware.org
  Copyright 1999-2006 Tanuki Software, Inc.  All Rights Reserved.

2018.01.10 19:08:38 INFO  app[][o.s.a.AppFileSystem] Cleaning or creating temp directory C:\sonarqube-6.6\temp
2018.01.10 19:08:38 INFO  app[][o.s.a.es.EsSettings] Elasticsearch listening on /127.0.0.1:9001
2018.01.10 19:08:39 INFO  app[][o.s.a.p.ProcessLauncherImpl] Launch process[[key='es', ipcIndex=1, logFilenamePrefix=es]] from [C:\sonarqube-6.6\elasticsearch]: C:\Program Files\Java\jre-9.0.1\bin\java -XX:+UseConcMarkSweepGC -XX:CMSInitiatingOccupancyFraction=75 -XX:+UseCMSInitiatingOccupancyOnly -XX:+AlwaysPreTouch -server -Xss1m -Djava.awt.headless=true -Dfile.encoding=UTF-8 -Djna.nosys=true -Djdk.io.permissionsUseCanonicalPath=true -Dio.netty.noUnsafe=true -Dio.netty.noKeySetOptimization=true -Dio.netty.recycler.maxCapacityPerThread=0 -Dlog4j.shutdownHookEnabled=false -Dlog4j2.disable.jmx=true -Dlog4j.skipJansi=true -Xms512m -Xmx512m -XX:+HeapDumpOnOutOfMemoryError -Delasticsearch -Des.path.home=C:\sonarqube-6.6\elasticsearch -cp lib/* org.elasticsearch.bootstrap.Elasticsearch -Epath.conf=C:\sonarqube-6.6\temp\conf\es
2018.01.10 19:08:39 INFO  app[][o.s.a.SchedulerImpl] Waiting for Elasticsearch to be up and running
Java HotSpot(TM) 64-Bit Server VM warning: Option UseConcMarkSweepGC was deprecated in version 9.0 and will likely be removed in a future release.
2018.01.10 19:08:39 INFO  app[][o.e.p.PluginsService] no modules loaded
2018.01.10 19:08:39 INFO  app[][o.e.p.PluginsService] loaded plugin [org.elasticsearch.transport.Netty4Plugin]
WARNING: An illegal reflective access operation has occurred
WARNING: Illegal reflective access by io.netty.util.internal.ReflectionUtil (file:/C:/sonarqube-6.6/lib/common/netty-common-4.1.13.Final.jar) to constructor java.nio.DirectByteBuffer(long,int)
WARNING: Please consider reporting this to the maintainers of io.netty.util.internal.ReflectionUtil
WARNING: Use --illegal-access=warn to enable warnings of further illegal reflective access operations
WARNING: All illegal access operations will be denied in a future release
2018.01.10 19:08:49 INFO  app[][o.s.a.SchedulerImpl] Process[es] is up
2018.01.10 19:08:49 INFO  app[][o.s.a.p.ProcessLauncherImpl] Launch process[[key='web', ipcIndex=2, logFilenamePrefix=web]] from [C:\sonarqube-6.6]: C:\Program Files\Java\jre-9.0.1\bin\java -Djava.awt.headless=true -Dfile.encoding=UTF-8 -Djava.io.tmpdir=C:\sonarqube-6.6\temp -Xmx512m -Xms128m -XX:+HeapDumpOnOutOfMemoryError -cp ./lib/common/*;./lib/server/*;C:\sonarqube-6.6\lib\jdbc\h2\h2-1.3.176.jar org.sonar.server.app.WebServer C:\sonarqube-6.6\temp\sq-process13130685219306259057properties
WARNING: An illegal reflective access operation has occurred
WARNING: Illegal reflective access by io.netty.util.internal.ReflectionUtil (file:/C:/sonarqube-6.6/lib/common/netty-common-4.1.13.Final.jar) to constructor java.nio.DirectByteBuffer(long,int)
WARNING: Please consider reporting this to the maintainers of io.netty.util.internal.ReflectionUtil
WARNING: Use --illegal-access=warn to enable warnings of further illegal reflective access operations
WARNING: All illegal access operations will be denied in a future release
2018.01.10 19:09:05 INFO  app[][o.s.a.SchedulerImpl] Process[web] is up
2018.01.10 19:09:05 INFO  app[][o.s.a.p.ProcessLauncherImpl] Launch process[[key='ce', ipcIndex=3, logFilenamePrefix=ce]] from [C:\sonarqube-6.6]: C:\Program Files\Java\jre-9.0.1\bin\java -Djava.awt.headless=true -Dfile.encoding=UTF-8 -Djava.io.tmpdir=C:\sonarqube-6.6\temp -Xmx512m -Xms128m -XX:+HeapDumpOnOutOfMemoryError -cp ./lib/common/*;./lib/server/*;./lib/ce/*;C:\sonarqube-6.6\lib\jdbc\h2\h2-1.3.176.jar org.sonar.ce.app.CeServer C:\sonarqube-6.6\temp\sq-process8245663212547780585properties
WARNING: An illegal reflective access operation has occurred
WARNING: Illegal reflective access by io.netty.util.internal.ReflectionUtil (file:/C:/sonarqube-6.6/lib/common/netty-common-4.1.13.Final.jar) to constructor java.nio.DirectByteBuffer(long,int)
WARNING: Please consider reporting this to the maintainers of io.netty.util.internal.ReflectionUtil
WARNING: Use --illegal-access=warn to enable warnings of further illegal reflective access operations
WARNING: All illegal access operations will be denied in a future release
2018.01.10 19:09:15 INFO  app[][o.s.a.SchedulerImpl] Process[ce] is up
2018.01.10 19:09:15 INFO  app[][o.s.a.SchedulerImpl] SonarQube is up
--> Wrapper Started as Console
Launching a JVM...
Wrapper (Version 3.2.3) http://wrapper.tanukisoftware.org
  Copyright 1999-2006 Tanuki Software, Inc.  All Rights Reserved.

2018.01.10 19:16:30 INFO  app[][o.s.a.AppFileSystem] Cleaning or creating temp directory C:\Users\Marco\Documents\GitHub\laboratorio-4-esercizio-sonarqube-mahout-MarcoMartinelli32\sonarqube-6.6\temp
2018.01.10 19:16:30 INFO  app[][o.s.a.es.EsSettings] Elasticsearch listening on /127.0.0.1:9001
2018.01.10 19:16:30 INFO  app[][o.s.a.p.ProcessLauncherImpl] Launch process[[key='es', ipcIndex=1, logFilenamePrefix=es]] from [C:\Users\Marco\Documents\GitHub\laboratorio-4-esercizio-sonarqube-mahout-MarcoMartinelli32\sonarqube-6.6\elasticsearch]: C:\Program Files\Java\jre-9.0.1\bin\java -XX:+UseConcMarkSweepGC -XX:CMSInitiatingOccupancyFraction=75 -XX:+UseCMSInitiatingOccupancyOnly -XX:+AlwaysPreTouch -server -Xss1m -Djava.awt.headless=true -Dfile.encoding=UTF-8 -Djna.nosys=true -Djdk.io.permissionsUseCanonicalPath=true -Dio.netty.noUnsafe=true -Dio.netty.noKeySetOptimization=true -Dio.netty.recycler.maxCapacityPerThread=0 -Dlog4j.shutdownHookEnabled=false -Dlog4j2.disable.jmx=true -Dlog4j.skipJansi=true -Xms512m -Xmx512m -XX:+HeapDumpOnOutOfMemoryError -Delasticsearch -Des.path.home=C:\Users\Marco\Documents\GitHub\laboratorio-4-esercizio-sonarqube-mahout-MarcoMartinelli32\sonarqube-6.6\elasticsearch -cp lib/* org.elasticsearch.bootstrap.Elasticsearch -Epath.conf=C:\Users\Marco\Documents\GitHub\laboratorio-4-esercizio-sonarqube-mahout-MarcoMartinelli32\sonarqube-6.6\temp\conf\es
2018.01.10 19:16:30 INFO  app[][o.s.a.SchedulerImpl] Waiting for Elasticsearch to be up and running
Java HotSpot(TM) 64-Bit Server VM warning: Option UseConcMarkSweepGC was deprecated in version 9.0 and will likely be removed in a future release.
2018.01.10 19:16:31 INFO  app[][o.e.p.PluginsService] no modules loaded
2018.01.10 19:16:31 INFO  app[][o.e.p.PluginsService] loaded plugin [org.elasticsearch.transport.Netty4Plugin]
WARNING: An illegal reflective access operation has occurred
WARNING: Illegal reflective access by io.netty.util.internal.ReflectionUtil (file:/C:/Users/Marco/Documents/GitHub/laboratorio-4-esercizio-sonarqube-mahout-MarcoMartinelli32/sonarqube-6.6/lib/common/netty-common-4.1.13.Final.jar) to constructor java.nio.DirectByteBuffer(long,int)
WARNING: Please consider reporting this to the maintainers of io.netty.util.internal.ReflectionUtil
WARNING: Use --illegal-access=warn to enable warnings of further illegal reflective access operations
WARNING: All illegal access operations will be denied in a future release
2018.01.10 19:16:42 INFO  app[][o.s.a.SchedulerImpl] Process[es] is up
2018.01.10 19:16:42 INFO  app[][o.s.a.p.ProcessLauncherImpl] Launch process[[key='web', ipcIndex=2, logFilenamePrefix=web]] from [C:\Users\Marco\Documents\GitHub\laboratorio-4-esercizio-sonarqube-mahout-MarcoMartinelli32\sonarqube-6.6]: C:\Program Files\Java\jre-9.0.1\bin\java -Djava.awt.headless=true -Dfile.encoding=UTF-8 -Djava.io.tmpdir=C:\Users\Marco\Documents\GitHub\laboratorio-4-esercizio-sonarqube-mahout-MarcoMartinelli32\sonarqube-6.6\temp -Xmx512m -Xms128m -XX:+HeapDumpOnOutOfMemoryError -cp ./lib/common/*;./lib/server/*;C:\Users\Marco\Documents\GitHub\laboratorio-4-esercizio-sonarqube-mahout-MarcoMartinelli32\sonarqube-6.6\lib\jdbc\h2\h2-1.3.176.jar org.sonar.server.app.WebServer C:\Users\Marco\Documents\GitHub\laboratorio-4-esercizio-sonarqube-mahout-MarcoMartinelli32\sonarqube-6.6\temp\sq-process5000416048391376026properties
WARNING: An illegal reflective access operation has occurred
WARNING: Illegal reflective access by io.netty.util.internal.ReflectionUtil (file:/C:/Users/Marco/Documents/GitHub/laboratorio-4-esercizio-sonarqube-mahout-MarcoMartinelli32/sonarqube-6.6/lib/common/netty-common-4.1.13.Final.jar) to constructor java.nio.DirectByteBuffer(long,int)
WARNING: Please consider reporting this to the maintainers of io.netty.util.internal.ReflectionUtil
WARNING: Use --illegal-access=warn to enable warnings of further illegal reflective access operations
WARNING: All illegal access operations will be denied in a future release
2018.01.10 19:16:59 INFO  app[][o.s.a.SchedulerImpl] Process[web] is up
2018.01.10 19:16:59 INFO  app[][o.s.a.p.ProcessLauncherImpl] Launch process[[key='ce', ipcIndex=3, logFilenamePrefix=ce]] from [C:\Users\Marco\Documents\GitHub\laboratorio-4-esercizio-sonarqube-mahout-MarcoMartinelli32\sonarqube-6.6]: C:\Program Files\Java\jre-9.0.1\bin\java -Djava.awt.headless=true -Dfile.encoding=UTF-8 -Djava.io.tmpdir=C:\Users\Marco\Documents\GitHub\laboratorio-4-esercizio-sonarqube-mahout-MarcoMartinelli32\sonarqube-6.6\temp -Xmx512m -Xms128m -XX:+HeapDumpOnOutOfMemoryError -cp ./lib/common/*;./lib/server/*;./lib/ce/*;C:\Users\Marco\Documents\GitHub\laboratorio-4-esercizio-sonarqube-mahout-MarcoMartinelli32\sonarqube-6.6\lib\jdbc\h2\h2-1.3.176.jar org.sonar.ce.app.CeServer C:\Users\Marco\Documents\GitHub\laboratorio-4-esercizio-sonarqube-mahout-MarcoMartinelli32\sonarqube-6.6\temp\sq-process1377270004194779911properties
WARNING: An illegal reflective access operation has occurred
WARNING: Illegal reflective access by io.netty.util.internal.ReflectionUtil (file:/C:/Users/Marco/Documents/GitHub/laboratorio-4-esercizio-sonarqube-mahout-MarcoMartinelli32/sonarqube-6.6/lib/common/netty-common-4.1.13.Final.jar) to constructor java.nio.DirectByteBuffer(long,int)
WARNING: Please consider reporting this to the maintainers of io.netty.util.internal.ReflectionUtil
WARNING: Use --illegal-access=warn to enable warnings of further illegal reflective access operations
WARNING: All illegal access operations will be denied in a future release
2018.01.10 19:17:08 INFO  app[][o.s.a.SchedulerImpl] Process[ce] is up
2018.01.10 19:17:08 INFO  app[][o.s.a.SchedulerImpl] SonarQube is up
