2018.01.10 18:37:35 INFO  web[][o.s.p.ProcessEntryPoint] Starting web
2018.01.10 18:37:35 INFO  web[][o.a.t.u.n.NioSelectorPool] Using a shared selector for servlet write/read
2018.01.10 18:37:36 INFO  web[][o.e.p.PluginsService] no modules loaded
2018.01.10 18:37:36 INFO  web[][o.e.p.PluginsService] loaded plugin [org.elasticsearch.index.reindex.ReindexPlugin]
2018.01.10 18:37:36 INFO  web[][o.e.p.PluginsService] loaded plugin [org.elasticsearch.join.ParentJoinPlugin]
2018.01.10 18:37:36 INFO  web[][o.e.p.PluginsService] loaded plugin [org.elasticsearch.percolator.PercolatorPlugin]
2018.01.10 18:37:36 INFO  web[][o.e.p.PluginsService] loaded plugin [org.elasticsearch.transport.Netty4Plugin]
2018.01.10 18:37:37 INFO  web[][o.s.s.e.EsClientProvider] Connected to local Elasticsearch: [127.0.0.1:9001]
2018.01.10 18:37:37 INFO  web[][o.s.s.p.LogServerVersion] SonarQube Server / 6.6.0.32724 / 353296630a2d150f48c76183e82188dfcaa42df0
2018.01.10 18:37:37 INFO  web[][o.s.s.p.d.EmbeddedDatabase] Starting embedded database on port 9092 with url jdbc:h2:tcp://127.0.0.1:9092/sonar
2018.01.10 18:37:37 INFO  web[][o.s.s.p.d.EmbeddedDatabase] Embedded database started. Data stored in: C:\Users\Marco\Desktop\sonarqube-6.6\data
2018.01.10 18:37:37 INFO  web[][o.sonar.db.Database] Create JDBC data source for jdbc:h2:tcp://127.0.0.1:9092/sonar
2018.01.10 18:37:37 WARN  web[][o.s.d.DatabaseChecker] H2 database should be used for evaluation purpose only
2018.01.10 18:37:38 INFO  web[][o.s.s.p.ServerFileSystemImpl] SonarQube home: C:\Users\Marco\Desktop\sonarqube-6.6
2018.01.10 18:37:38 INFO  web[][o.s.s.u.SystemPasscodeImpl] System authentication by passcode is disabled
2018.01.10 18:37:38 INFO  web[][o.s.s.p.d.m.h.MigrationHistoryTableImpl] Creating table schema_migrations
2018.01.10 18:37:38 INFO  web[][o.s.s.p.ServerPluginRepository] Plugin C# [csharp] installed
2018.01.10 18:37:38 INFO  web[][o.s.s.p.ServerPluginRepository] Plugin Flex [flex] installed
2018.01.10 18:37:38 INFO  web[][o.s.s.p.ServerPluginRepository] Plugin SonarJava [java] installed
2018.01.10 18:37:38 INFO  web[][o.s.s.p.ServerPluginRepository] Plugin SonarJS [javascript] installed
2018.01.10 18:37:38 INFO  web[][o.s.s.p.ServerPluginRepository] Plugin SonarPHP [php] installed
2018.01.10 18:37:38 INFO  web[][o.s.s.p.ServerPluginRepository] Plugin SonarPython [python] installed
2018.01.10 18:37:38 INFO  web[][o.s.s.p.ServerPluginRepository] Plugin Git [scmgit] installed
2018.01.10 18:37:38 INFO  web[][o.s.s.p.ServerPluginRepository] Plugin SVN [scmsvn] installed
2018.01.10 18:37:38 INFO  web[][o.s.s.p.ServerPluginRepository] Plugin SonarXML [xml] installed
2018.01.10 18:37:38 INFO  web[][o.s.s.p.ServerPluginRepository] Deploy plugin C# / 5.10.1.1411 / 748a97f89a5327cbea5cfe1f8aebe87d073c74a0
2018.01.10 18:37:38 INFO  web[][o.s.s.p.ServerPluginRepository] Deploy plugin Flex / 2.3 / 79167f762219bea1fd181ff5ef6ca4b34abd1675
2018.01.10 18:37:38 INFO  web[][o.s.s.p.ServerPluginRepository] Deploy plugin Git / 1.2 / a713dd64daf8719ba4e7f551f9a1966c62690c17
2018.01.10 18:37:38 INFO  web[][o.s.s.p.ServerPluginRepository] Deploy plugin SVN / 1.5.0.715 / 0210a6f08400da8cab1a20e118ee3c97f8847ee4
2018.01.10 18:37:38 INFO  web[][o.s.s.p.ServerPluginRepository] Deploy plugin SonarJS / 3.1.1.5128 / 564d130c281685fde03e85964417158e32a17b2b
2018.01.10 18:37:38 INFO  web[][o.s.s.p.ServerPluginRepository] Deploy plugin SonarJava / 4.12.0.11033 / fa9fe66b0cb1b6ab8d7f341cc1f7908897a9cf33
2018.01.10 18:37:38 INFO  web[][o.s.s.p.ServerPluginRepository] Deploy plugin SonarPHP / 2.10.0.2087 / b24a8fcb16d37cae2f8c6741141f4136c444851f
2018.01.10 18:37:38 INFO  web[][o.s.s.p.ServerPluginRepository] Deploy plugin SonarPython / 1.8.0.1496 / 3fe3bc4d0273a5721ea2fb368dc45b1bb82fede3
2018.01.10 18:37:38 INFO  web[][o.s.s.p.ServerPluginRepository] Deploy plugin SonarXML / 1.4.3.1027 / 39588245cecf538bb27be4e496ff303b0143d20b
2018.01.10 18:37:40 INFO  web[][o.s.s.p.d.m.AutoDbMigration] Automatically perform DB migration on fresh install
2018.01.10 18:37:41 INFO  web[][o.s.s.p.Platform] Database has been automatically updated
2018.01.10 18:37:41 INFO  web[][o.s.s.p.w.MasterServletFilter] Initializing servlet filter org.sonar.server.ws.WebServiceFilter@3fc72191 [pattern=UrlPattern{inclusions=[/api/system/migrate_db/*, ...], exclusions=[/api/properties*, ...]}]
2018.01.10 18:37:41 INFO  web[][o.s.s.a.EmbeddedTomcat] HTTP connector enabled on port 9000
2018.01.10 18:37:41 INFO  web[][o.s.s.p.UpdateCenterClient] Update center: https://update.sonarsource.org/update-center.properties (no proxy)
2018.01.10 18:37:42 INFO  web[][o.s.s.e.IndexCreator] Create index metadatas
2018.01.10 18:37:42 INFO  web[][o.s.s.e.IndexCreator] Create type metadatas/metadata
2018.01.10 18:37:43 INFO  web[][o.s.s.e.IndexCreator] Create index components
2018.01.10 18:37:43 INFO  web[][o.s.s.e.IndexCreator] Create type components/component
2018.01.10 18:37:43 INFO  web[][o.s.s.e.IndexCreator] Create type components/authorization
2018.01.10 18:37:43 INFO  web[][o.s.s.e.IndexCreator] Create index tests
2018.01.10 18:37:44 INFO  web[][o.s.s.e.IndexCreator] Create type tests/test
2018.01.10 18:37:44 INFO  web[][o.s.s.e.IndexCreator] Create index projectmeasures
2018.01.10 18:37:44 INFO  web[][o.s.s.e.IndexCreator] Create type projectmeasures/projectmeasure
2018.01.10 18:37:44 INFO  web[][o.s.s.e.IndexCreator] Create type projectmeasures/authorization
2018.01.10 18:37:44 INFO  web[][o.s.s.e.IndexCreator] Create index rules
2018.01.10 18:37:45 INFO  web[][o.s.s.e.IndexCreator] Create type rules/activeRule
2018.01.10 18:37:45 INFO  web[][o.s.s.e.IndexCreator] Create type rules/ruleExtension
2018.01.10 18:37:45 INFO  web[][o.s.s.e.IndexCreator] Create type rules/rule
2018.01.10 18:37:45 INFO  web[][o.s.s.e.IndexCreator] Create index issues
2018.01.10 18:37:45 INFO  web[][o.s.s.e.IndexCreator] Create type issues/issue
2018.01.10 18:37:45 INFO  web[][o.s.s.e.IndexCreator] Create type issues/authorization
2018.01.10 18:37:45 INFO  web[][o.s.s.e.IndexCreator] Create index users
2018.01.10 18:37:45 INFO  web[][o.s.s.e.IndexCreator] Create type users/user
2018.01.10 18:37:45 INFO  web[][o.s.s.e.IndexCreator] Create index views
2018.01.10 18:37:46 INFO  web[][o.s.s.e.IndexCreator] Create type views/view
2018.01.10 18:37:46 INFO  web[][o.s.s.t.TelemetryDaemon] Sharing of SonarQube statistics is enabled.
2018.01.10 18:37:46 INFO  web[][o.s.s.n.NotificationDaemon] Notification service started (delay 60 sec.)
2018.01.10 18:37:46 INFO  web[][o.s.s.s.GeneratePluginIndex] Generate scanner plugin index
2018.01.10 18:37:46 INFO  web[][o.s.s.s.RegisterPlugins] Register plugins
2018.01.10 18:37:46 INFO  web[][o.s.s.s.RegisterMetrics] Register metrics
2018.01.10 18:37:46 INFO  web[][o.s.s.r.RegisterRules] Register rules
2018.01.10 18:37:52 INFO  web[][o.s.s.q.BuiltInQProfileRepositoryImpl] Load quality profiles
2018.01.10 18:37:52 INFO  web[][o.s.s.q.RegisterQualityProfiles] Register quality profiles
2018.01.10 18:37:52 INFO  web[][o.s.s.q.RegisterQualityProfiles] Register profile cs/Sonar way
2018.01.10 18:37:53 INFO  web[][o.s.s.q.RegisterQualityProfiles] Register profile java/Sonar way
2018.01.10 18:37:53 INFO  web[][o.s.s.q.RegisterQualityProfiles] Register profile xml/Sonar way
2018.01.10 18:37:53 INFO  web[][o.s.s.q.RegisterQualityProfiles] Register profile flex/Sonar way
2018.01.10 18:37:54 INFO  web[][o.s.s.q.RegisterQualityProfiles] Register profile js/Sonar way Recommended
2018.01.10 18:37:54 INFO  web[][o.s.s.q.RegisterQualityProfiles] Register profile js/Sonar way
2018.01.10 18:37:54 INFO  web[][o.s.s.q.RegisterQualityProfiles] Register profile php/Sonar way
2018.01.10 18:37:54 INFO  web[][o.s.s.q.RegisterQualityProfiles] Register profile php/PSR-2
2018.01.10 18:37:55 INFO  web[][o.s.s.q.RegisterQualityProfiles] Register profile php/Drupal
2018.01.10 18:37:55 INFO  web[][o.s.s.q.RegisterQualityProfiles] Register profile py/Sonar way
2018.01.10 18:37:56 INFO  web[][o.s.s.s.RegisterPermissionTemplates] Register permission templates
2018.01.10 18:37:56 INFO  web[][o.s.s.s.RenameDeprecatedPropertyKeys] Rename deprecated property keys
2018.01.10 18:37:56 INFO  web[][o.s.s.p.w.MasterServletFilter] Initializing servlet filter org.sonar.server.ws.WebServiceFilter@65904c92 [pattern=UrlPattern{inclusions=[/api/measures/component/*, ...], exclusions=[/api/properties*, ...]}]
2018.01.10 18:37:56 INFO  web[][o.s.s.p.w.MasterServletFilter] Initializing servlet filter org.sonar.server.ws.DeprecatedPropertiesWsFilter@7bea92e8 [pattern=UrlPattern{inclusions=[/api/properties/*], exclusions=[]}]
2018.01.10 18:37:56 INFO  web[][o.s.s.p.w.MasterServletFilter] Initializing servlet filter org.sonar.server.ws.WebServiceReroutingFilter@450c87f8 [pattern=UrlPattern{inclusions=[/api/components/bulk_update_key, ...], exclusions=[]}]
2018.01.10 18:37:56 INFO  web[][o.s.s.p.w.MasterServletFilter] Initializing servlet filter org.sonar.server.authentication.InitFilter@1b925b05 [pattern=UrlPattern{inclusions=[/sessions/init/*], exclusions=[]}]
2018.01.10 18:37:56 INFO  web[][o.s.s.p.w.MasterServletFilter] Initializing servlet filter org.sonar.server.authentication.OAuth2CallbackFilter@3521ebc1 [pattern=UrlPattern{inclusions=[/oauth2/callback/*], exclusions=[]}]
2018.01.10 18:37:56 INFO  web[][o.s.s.p.w.MasterServletFilter] Initializing servlet filter org.sonar.server.authentication.ws.LoginAction@27242484 [pattern=UrlPattern{inclusions=[/api/authentication/login], exclusions=[]}]
2018.01.10 18:37:56 INFO  web[][o.s.s.p.w.MasterServletFilter] Initializing servlet filter org.sonar.server.authentication.ws.LogoutAction@15352889 [pattern=UrlPattern{inclusions=[/api/authentication/logout], exclusions=[]}]
2018.01.10 18:37:56 INFO  web[][o.s.s.p.w.MasterServletFilter] Initializing servlet filter org.sonar.server.authentication.ws.ValidateAction@503e099 [pattern=UrlPattern{inclusions=[/api/authentication/validate], exclusions=[]}]
2018.01.10 18:37:56 INFO  web[][o.s.s.n.NotificationDaemon] Notification service started (delay 60 sec.)
2018.01.10 18:37:56 INFO  web[][o.s.s.e.IndexerStartupTask] Indexing of type [rules/activeRule] ...
2018.01.10 18:37:57 INFO  web[][o.s.s.e.IndexerStartupTask] Indexing of type [rules/activeRule] done | time=1073ms
2018.01.10 18:37:57 INFO  web[][o.s.s.e.IndexerStartupTask] Indexing of types [rules/ruleExtension],[rules/rule] ...
2018.01.10 18:37:59 INFO  web[][o.s.s.e.IndexerStartupTask] Indexing of types [rules/ruleExtension],[rules/rule] done | time=2102ms
2018.01.10 18:37:59 INFO  web[][o.s.s.e.IndexerStartupTask] Indexing of type [users/user] ...
2018.01.10 18:37:59 INFO  web[][o.s.s.e.IndexerStartupTask] Indexing of type [users/user] done | time=261ms
2018.01.10 18:37:59 INFO  web[][o.s.s.e.IndexerStartupTask] Indexing of type [components/component] ...
2018.01.10 18:37:59 INFO  web[][o.s.s.e.IndexerStartupTask] Indexing of type [components/component] done | time=108ms
2018.01.10 18:37:59 INFO  web[][o.s.s.e.IndexerStartupTask] Indexing of type [views/view] ...
2018.01.10 18:37:59 INFO  web[][o.s.s.e.IndexerStartupTask] Indexing of type [views/view] done | time=117ms
2018.01.10 18:37:59 INFO  web[][o.s.s.e.IndexerStartupTask] Indexing of type [issues/issue] ...
2018.01.10 18:37:59 INFO  web[][o.s.s.e.IndexerStartupTask] Indexing of type [issues/issue] done | time=162ms
2018.01.10 18:38:00 INFO  web[][o.s.s.e.IndexerStartupTask] Indexing of types [components/authorization],[issues/authorization],[projectmeasures/authorization] ...
2018.01.10 18:38:00 INFO  web[][o.s.s.e.IndexerStartupTask] Indexing of types [components/authorization],[issues/authorization],[projectmeasures/authorization] done | time=224ms
2018.01.10 18:38:00 INFO  web[][o.s.s.e.IndexerStartupTask] Indexing of type [tests/test] ...
2018.01.10 18:38:00 INFO  web[][o.s.s.e.IndexerStartupTask] Indexing of type [tests/test] done | time=102ms
2018.01.10 18:38:00 INFO  web[][o.s.s.e.IndexerStartupTask] Indexing of type [projectmeasures/projectmeasure] ...
2018.01.10 18:38:00 INFO  web[][o.s.s.e.IndexerStartupTask] Indexing of type [projectmeasures/projectmeasure] done | time=110ms
2018.01.10 18:38:00 INFO  web[][o.s.s.n.NotificationDaemon] Notification service stopped
2018.01.10 18:38:00 INFO  web[][o.s.s.p.Platform] WebServer is operational
2018.01.10 19:08:50 INFO  web[][o.s.p.ProcessEntryPoint] Starting web
2018.01.10 19:08:51 INFO  web[][o.a.t.u.n.NioSelectorPool] Using a shared selector for servlet write/read
2018.01.10 19:08:51 INFO  web[][o.e.p.PluginsService] no modules loaded
2018.01.10 19:08:51 INFO  web[][o.e.p.PluginsService] loaded plugin [org.elasticsearch.index.reindex.ReindexPlugin]
2018.01.10 19:08:51 INFO  web[][o.e.p.PluginsService] loaded plugin [org.elasticsearch.join.ParentJoinPlugin]
2018.01.10 19:08:51 INFO  web[][o.e.p.PluginsService] loaded plugin [org.elasticsearch.percolator.PercolatorPlugin]
2018.01.10 19:08:51 INFO  web[][o.e.p.PluginsService] loaded plugin [org.elasticsearch.transport.Netty4Plugin]
2018.01.10 19:08:52 INFO  web[][o.s.s.e.EsClientProvider] Connected to local Elasticsearch: [127.0.0.1:9001]
2018.01.10 19:08:52 INFO  web[][o.s.s.p.LogServerVersion] SonarQube Server / 6.6.0.32724 / 353296630a2d150f48c76183e82188dfcaa42df0
2018.01.10 19:08:55 INFO  web[][o.s.s.p.d.EmbeddedDatabase] Starting embedded database on port 9092 with url jdbc:h2:tcp://127.0.0.1:9092/sonar
2018.01.10 19:08:55 INFO  web[][o.s.s.p.d.EmbeddedDatabase] Embedded database started. Data stored in: C:\sonarqube-6.6\data
2018.01.10 19:08:55 INFO  web[][o.sonar.db.Database] Create JDBC data source for jdbc:h2:tcp://127.0.0.1:9092/sonar
2018.01.10 19:08:56 WARN  web[][o.s.d.DatabaseChecker] H2 database should be used for evaluation purpose only
2018.01.10 19:08:56 INFO  web[][o.s.s.p.ServerFileSystemImpl] SonarQube home: C:\sonarqube-6.6
2018.01.10 19:08:56 INFO  web[][o.s.s.u.SystemPasscodeImpl] System authentication by passcode is disabled
2018.01.10 19:08:57 INFO  web[][o.s.s.p.ServerPluginRepository] Deploy plugin C# / 5.10.1.1411 / 748a97f89a5327cbea5cfe1f8aebe87d073c74a0
2018.01.10 19:08:57 INFO  web[][o.s.s.p.ServerPluginRepository] Deploy plugin Flex / 2.3 / 79167f762219bea1fd181ff5ef6ca4b34abd1675
2018.01.10 19:08:57 INFO  web[][o.s.s.p.ServerPluginRepository] Deploy plugin Git / 1.2 / a713dd64daf8719ba4e7f551f9a1966c62690c17
2018.01.10 19:08:57 INFO  web[][o.s.s.p.ServerPluginRepository] Deploy plugin SVN / 1.5.0.715 / 0210a6f08400da8cab1a20e118ee3c97f8847ee4
2018.01.10 19:08:57 INFO  web[][o.s.s.p.ServerPluginRepository] Deploy plugin SonarJS / 3.1.1.5128 / 564d130c281685fde03e85964417158e32a17b2b
2018.01.10 19:08:57 INFO  web[][o.s.s.p.ServerPluginRepository] Deploy plugin SonarJava / 4.12.0.11033 / fa9fe66b0cb1b6ab8d7f341cc1f7908897a9cf33
2018.01.10 19:08:57 INFO  web[][o.s.s.p.ServerPluginRepository] Deploy plugin SonarPHP / 2.10.0.2087 / b24a8fcb16d37cae2f8c6741141f4136c444851f
2018.01.10 19:08:57 INFO  web[][o.s.s.p.ServerPluginRepository] Deploy plugin SonarPython / 1.8.0.1496 / 3fe3bc4d0273a5721ea2fb368dc45b1bb82fede3
2018.01.10 19:08:57 INFO  web[][o.s.s.p.ServerPluginRepository] Deploy plugin SonarXML / 1.4.3.1027 / 39588245cecf538bb27be4e496ff303b0143d20b
2018.01.10 19:08:59 INFO  web[][o.s.s.p.w.MasterServletFilter] Initializing servlet filter org.sonar.server.ws.WebServiceFilter@12f3e4ca [pattern=UrlPattern{inclusions=[/api/system/migrate_db/*, ...], exclusions=[/api/properties*, ...]}]
2018.01.10 19:08:59 INFO  web[][o.s.s.a.EmbeddedTomcat] HTTP connector enabled on port 9000
2018.01.10 19:09:00 INFO  web[][o.s.s.p.UpdateCenterClient] Update center: https://update.sonarsource.org/update-center.properties (no proxy)
2018.01.10 19:09:02 INFO  web[][o.s.s.t.TelemetryDaemon] Sharing of SonarQube statistics is enabled.
2018.01.10 19:09:02 INFO  web[][o.s.s.n.NotificationDaemon] Notification service started (delay 60 sec.)
2018.01.10 19:09:02 INFO  web[][o.s.s.s.GeneratePluginIndex] Generate scanner plugin index
2018.01.10 19:09:02 INFO  web[][o.s.s.s.RegisterPlugins] Register plugins
2018.01.10 19:09:02 INFO  web[][o.s.s.s.RegisterMetrics] Register metrics
2018.01.10 19:09:02 INFO  web[][o.s.s.r.RegisterRules] Register rules
2018.01.10 19:09:04 INFO  web[][o.s.s.q.BuiltInQProfileRepositoryImpl] Load quality profiles
2018.01.10 19:09:04 INFO  web[][o.s.s.q.RegisterQualityProfiles] Register quality profiles
2018.01.10 19:09:04 INFO  web[][o.s.s.q.RegisterQualityProfiles] Update profile cs/Sonar way
2018.01.10 19:09:04 INFO  web[][o.s.s.q.RegisterQualityProfiles] Update profile java/Sonar way
2018.01.10 19:09:05 INFO  web[][o.s.s.q.RegisterQualityProfiles] Update profile xml/Sonar way
2018.01.10 19:09:05 INFO  web[][o.s.s.q.RegisterQualityProfiles] Update profile flex/Sonar way
2018.01.10 19:09:05 INFO  web[][o.s.s.q.RegisterQualityProfiles] Update profile js/Sonar way Recommended
2018.01.10 19:09:05 INFO  web[][o.s.s.q.RegisterQualityProfiles] Update profile js/Sonar way
2018.01.10 19:09:05 INFO  web[][o.s.s.q.RegisterQualityProfiles] Update profile php/Sonar way
2018.01.10 19:09:05 INFO  web[][o.s.s.q.RegisterQualityProfiles] Update profile php/PSR-2
2018.01.10 19:09:05 INFO  web[][o.s.s.q.RegisterQualityProfiles] Update profile php/Drupal
2018.01.10 19:09:05 INFO  web[][o.s.s.q.RegisterQualityProfiles] Update profile py/Sonar way
2018.01.10 19:09:05 INFO  web[][o.s.s.s.RegisterPermissionTemplates] Register permission templates
2018.01.10 19:09:05 INFO  web[][o.s.s.s.RenameDeprecatedPropertyKeys] Rename deprecated property keys
2018.01.10 19:09:05 INFO  web[][o.s.s.p.w.MasterServletFilter] Initializing servlet filter org.sonar.server.ws.WebServiceFilter@5a00ced7 [pattern=UrlPattern{inclusions=[/api/measures/component/*, ...], exclusions=[/api/properties*, ...]}]
2018.01.10 19:09:05 INFO  web[][o.s.s.p.w.MasterServletFilter] Initializing servlet filter org.sonar.server.ws.DeprecatedPropertiesWsFilter@5461e9ef [pattern=UrlPattern{inclusions=[/api/properties/*], exclusions=[]}]
2018.01.10 19:09:05 INFO  web[][o.s.s.p.w.MasterServletFilter] Initializing servlet filter org.sonar.server.ws.WebServiceReroutingFilter@213d58b [pattern=UrlPattern{inclusions=[/api/components/bulk_update_key, ...], exclusions=[]}]
2018.01.10 19:09:05 INFO  web[][o.s.s.p.w.MasterServletFilter] Initializing servlet filter org.sonar.server.authentication.InitFilter@57ac76b7 [pattern=UrlPattern{inclusions=[/sessions/init/*], exclusions=[]}]
2018.01.10 19:09:05 INFO  web[][o.s.s.p.w.MasterServletFilter] Initializing servlet filter org.sonar.server.authentication.OAuth2CallbackFilter@49312102 [pattern=UrlPattern{inclusions=[/oauth2/callback/*], exclusions=[]}]
2018.01.10 19:09:05 INFO  web[][o.s.s.p.w.MasterServletFilter] Initializing servlet filter org.sonar.server.authentication.ws.LoginAction@17c59a45 [pattern=UrlPattern{inclusions=[/api/authentication/login], exclusions=[]}]
2018.01.10 19:09:05 INFO  web[][o.s.s.p.w.MasterServletFilter] Initializing servlet filter org.sonar.server.authentication.ws.LogoutAction@1226fcca [pattern=UrlPattern{inclusions=[/api/authentication/logout], exclusions=[]}]
2018.01.10 19:09:05 INFO  web[][o.s.s.p.w.MasterServletFilter] Initializing servlet filter org.sonar.server.authentication.ws.ValidateAction@48c9b685 [pattern=UrlPattern{inclusions=[/api/authentication/validate], exclusions=[]}]
2018.01.10 19:09:05 INFO  web[][o.s.s.n.NotificationDaemon] Notification service started (delay 60 sec.)
2018.01.10 19:09:05 INFO  web[][o.s.s.n.NotificationDaemon] Notification service stopped
2018.01.10 19:09:05 INFO  web[][o.s.s.p.Platform] WebServer is operational
2018.01.10 19:16:43 INFO  web[][o.s.p.ProcessEntryPoint] Starting web
2018.01.10 19:16:44 INFO  web[][o.a.t.u.n.NioSelectorPool] Using a shared selector for servlet write/read
2018.01.10 19:16:45 INFO  web[][o.e.p.PluginsService] no modules loaded
2018.01.10 19:16:45 INFO  web[][o.e.p.PluginsService] loaded plugin [org.elasticsearch.index.reindex.ReindexPlugin]
2018.01.10 19:16:45 INFO  web[][o.e.p.PluginsService] loaded plugin [org.elasticsearch.join.ParentJoinPlugin]
2018.01.10 19:16:45 INFO  web[][o.e.p.PluginsService] loaded plugin [org.elasticsearch.percolator.PercolatorPlugin]
2018.01.10 19:16:45 INFO  web[][o.e.p.PluginsService] loaded plugin [org.elasticsearch.transport.Netty4Plugin]
2018.01.10 19:16:46 INFO  web[][o.s.s.e.EsClientProvider] Connected to local Elasticsearch: [127.0.0.1:9001]
2018.01.10 19:16:46 INFO  web[][o.s.s.p.LogServerVersion] SonarQube Server / 6.6.0.32724 / 353296630a2d150f48c76183e82188dfcaa42df0
2018.01.10 19:16:48 INFO  web[][o.s.s.p.d.EmbeddedDatabase] Starting embedded database on port 9092 with url jdbc:h2:tcp://127.0.0.1:9092/sonar
2018.01.10 19:16:48 INFO  web[][o.s.s.p.d.EmbeddedDatabase] Embedded database started. Data stored in: C:\Users\Marco\Documents\GitHub\laboratorio-4-esercizio-sonarqube-mahout-MarcoMartinelli32\sonarqube-6.6\data
2018.01.10 19:16:48 INFO  web[][o.sonar.db.Database] Create JDBC data source for jdbc:h2:tcp://127.0.0.1:9092/sonar
2018.01.10 19:16:49 WARN  web[][o.s.d.DatabaseChecker] H2 database should be used for evaluation purpose only
2018.01.10 19:16:49 INFO  web[][o.s.s.p.ServerFileSystemImpl] SonarQube home: C:\Users\Marco\Documents\GitHub\laboratorio-4-esercizio-sonarqube-mahout-MarcoMartinelli32\sonarqube-6.6
2018.01.10 19:16:49 INFO  web[][o.s.s.u.SystemPasscodeImpl] System authentication by passcode is disabled
2018.01.10 19:16:50 INFO  web[][o.s.s.p.ServerPluginRepository] Deploy plugin C# / 5.10.1.1411 / 748a97f89a5327cbea5cfe1f8aebe87d073c74a0
2018.01.10 19:16:50 INFO  web[][o.s.s.p.ServerPluginRepository] Deploy plugin Flex / 2.3 / 79167f762219bea1fd181ff5ef6ca4b34abd1675
2018.01.10 19:16:50 INFO  web[][o.s.s.p.ServerPluginRepository] Deploy plugin Git / 1.2 / a713dd64daf8719ba4e7f551f9a1966c62690c17
2018.01.10 19:16:50 INFO  web[][o.s.s.p.ServerPluginRepository] Deploy plugin SVN / 1.5.0.715 / 0210a6f08400da8cab1a20e118ee3c97f8847ee4
2018.01.10 19:16:50 INFO  web[][o.s.s.p.ServerPluginRepository] Deploy plugin SonarJS / 3.1.1.5128 / 564d130c281685fde03e85964417158e32a17b2b
2018.01.10 19:16:50 INFO  web[][o.s.s.p.ServerPluginRepository] Deploy plugin SonarJava / 4.12.0.11033 / fa9fe66b0cb1b6ab8d7f341cc1f7908897a9cf33
2018.01.10 19:16:50 INFO  web[][o.s.s.p.ServerPluginRepository] Deploy plugin SonarPHP / 2.10.0.2087 / b24a8fcb16d37cae2f8c6741141f4136c444851f
2018.01.10 19:16:50 INFO  web[][o.s.s.p.ServerPluginRepository] Deploy plugin SonarPython / 1.8.0.1496 / 3fe3bc4d0273a5721ea2fb368dc45b1bb82fede3
2018.01.10 19:16:50 INFO  web[][o.s.s.p.ServerPluginRepository] Deploy plugin SonarXML / 1.4.3.1027 / 39588245cecf538bb27be4e496ff303b0143d20b
2018.01.10 19:16:52 WARN  web[][o.a.c.u.SessionIdGeneratorBase] Creation of SecureRandom instance for session ID generation using [SHA1PRNG] took [111] milliseconds.
2018.01.10 19:16:52 INFO  web[][o.s.s.p.w.MasterServletFilter] Initializing servlet filter org.sonar.server.ws.WebServiceFilter@406ab164 [pattern=UrlPattern{inclusions=[/api/system/migrate_db/*, ...], exclusions=[/api/properties*, ...]}]
2018.01.10 19:16:52 INFO  web[][o.s.s.a.EmbeddedTomcat] HTTP connector enabled on port 9000
2018.01.10 19:16:53 INFO  web[][o.s.s.p.UpdateCenterClient] Update center: https://update.sonarsource.org/update-center.properties (no proxy)
2018.01.10 19:16:55 INFO  web[][o.s.s.t.TelemetryDaemon] Sharing of SonarQube statistics is enabled.
2018.01.10 19:16:55 INFO  web[][o.s.s.n.NotificationDaemon] Notification service started (delay 60 sec.)
2018.01.10 19:16:55 INFO  web[][o.s.s.s.GeneratePluginIndex] Generate scanner plugin index
2018.01.10 19:16:55 INFO  web[][o.s.s.s.RegisterPlugins] Register plugins
2018.01.10 19:16:55 INFO  web[][o.s.s.s.RegisterMetrics] Register metrics
2018.01.10 19:16:55 INFO  web[][o.s.s.r.RegisterRules] Register rules
2018.01.10 19:16:58 INFO  web[][o.s.s.q.BuiltInQProfileRepositoryImpl] Load quality profiles
2018.01.10 19:16:58 INFO  web[][o.s.s.q.RegisterQualityProfiles] Register quality profiles
2018.01.10 19:16:58 INFO  web[][o.s.s.q.RegisterQualityProfiles] Update profile cs/Sonar way
2018.01.10 19:16:58 INFO  web[][o.s.s.q.RegisterQualityProfiles] Update profile java/Sonar way
2018.01.10 19:16:58 INFO  web[][o.s.s.q.RegisterQualityProfiles] Update profile xml/Sonar way
2018.01.10 19:16:58 INFO  web[][o.s.s.q.RegisterQualityProfiles] Update profile flex/Sonar way
2018.01.10 19:16:59 INFO  web[][o.s.s.q.RegisterQualityProfiles] Update profile js/Sonar way Recommended
2018.01.10 19:16:59 INFO  web[][o.s.s.q.RegisterQualityProfiles] Update profile js/Sonar way
2018.01.10 19:16:59 INFO  web[][o.s.s.q.RegisterQualityProfiles] Update profile php/Sonar way
2018.01.10 19:16:59 INFO  web[][o.s.s.q.RegisterQualityProfiles] Update profile php/PSR-2
2018.01.10 19:16:59 INFO  web[][o.s.s.q.RegisterQualityProfiles] Update profile php/Drupal
2018.01.10 19:16:59 INFO  web[][o.s.s.q.RegisterQualityProfiles] Update profile py/Sonar way
2018.01.10 19:16:59 INFO  web[][o.s.s.s.RegisterPermissionTemplates] Register permission templates
2018.01.10 19:16:59 INFO  web[][o.s.s.s.RenameDeprecatedPropertyKeys] Rename deprecated property keys
2018.01.10 19:16:59 INFO  web[][o.s.s.p.w.MasterServletFilter] Initializing servlet filter org.sonar.server.ws.WebServiceFilter@2b85ce3 [pattern=UrlPattern{inclusions=[/api/measures/component/*, ...], exclusions=[/api/properties*, ...]}]
2018.01.10 19:16:59 INFO  web[][o.s.s.p.w.MasterServletFilter] Initializing servlet filter org.sonar.server.ws.DeprecatedPropertiesWsFilter@7785e0b5 [pattern=UrlPattern{inclusions=[/api/properties/*], exclusions=[]}]
2018.01.10 19:16:59 INFO  web[][o.s.s.p.w.MasterServletFilter] Initializing servlet filter org.sonar.server.ws.WebServiceReroutingFilter@77fb8c0 [pattern=UrlPattern{inclusions=[/api/components/bulk_update_key, ...], exclusions=[]}]
2018.01.10 19:16:59 INFO  web[][o.s.s.p.w.MasterServletFilter] Initializing servlet filter org.sonar.server.authentication.InitFilter@66a7cdeb [pattern=UrlPattern{inclusions=[/sessions/init/*], exclusions=[]}]
2018.01.10 19:16:59 INFO  web[][o.s.s.p.w.MasterServletFilter] Initializing servlet filter org.sonar.server.authentication.OAuth2CallbackFilter@1d9fda9d [pattern=UrlPattern{inclusions=[/oauth2/callback/*], exclusions=[]}]
2018.01.10 19:16:59 INFO  web[][o.s.s.p.w.MasterServletFilter] Initializing servlet filter org.sonar.server.authentication.ws.LoginAction@214aca49 [pattern=UrlPattern{inclusions=[/api/authentication/login], exclusions=[]}]
2018.01.10 19:16:59 INFO  web[][o.s.s.p.w.MasterServletFilter] Initializing servlet filter org.sonar.server.authentication.ws.LogoutAction@43076073 [pattern=UrlPattern{inclusions=[/api/authentication/logout], exclusions=[]}]
2018.01.10 19:16:59 INFO  web[][o.s.s.p.w.MasterServletFilter] Initializing servlet filter org.sonar.server.authentication.ws.ValidateAction@19df0dfa [pattern=UrlPattern{inclusions=[/api/authentication/validate], exclusions=[]}]
2018.01.10 19:16:59 INFO  web[][o.s.s.n.NotificationDaemon] Notification service started (delay 60 sec.)
2018.01.10 19:16:59 INFO  web[][o.s.s.n.NotificationDaemon] Notification service stopped
2018.01.10 19:16:59 INFO  web[][o.s.s.p.Platform] WebServer is operational
